

Microchip Technology PIC18 LITE Macro Assembler V1.45 build -152302408 
                                                                                               Tue Jan 24 16:19:53 2023

Microchip Technology Omniscient Code Generator v1.45 (Free mode) build 201711160504
     1                           	processor	18F452
     2                           	fnconf	rparam,??,?,0
     3                           	opt	pw 120
     4                           	opt	lm
     5                           	psect	text0,global,reloc=2,class=CODE,delta=1
     6                           	psect	cinit,global,reloc=2,class=CODE,delta=1
     7                           	psect	cstackCOMRAM,global,class=COMRAM,space=1,delta=1,noexec
     8                           	psect	intsave_regs,global,class=BIGRAM,space=1,delta=1,noexec
     9                           	psect	rparam,global,class=COMRAM,space=1,delta=1,noexec
    10  0000                     
    11                           ; Version 1.45
    12                           ; Generated 16/11/2017 GMT
    13                           ; 
    14                           ; Copyright © 2017, Microchip Technology Inc. and its subsidiaries ("Microchip")
    15                           ; All rights reserved.
    16                           ; 
    17                           ; This software is developed by Microchip Technology Inc. and its subsidiaries ("Microch
      +                          ip").
    18                           ; 
    19                           ; Redistribution and use in source and binary forms, with or without modification, are
    20                           ; permitted provided that the following conditions are met:
    21                           ; 
    22                           ;     1. Redistributions of source code must retain the above copyright notice, this lis
      +                          t of
    23                           ;        conditions and the following disclaimer.
    24                           ; 
    25                           ;     2. Redistributions in binary form must reproduce the above copyright notice, this 
      +                          list
    26                           ;        of conditions and the following disclaimer in the documentation and/or other
    27                           ;        materials provided with the distribution.
    28                           ; 
    29                           ;     3. Microchip's name may not be used to endorse or promote products derived from th
      +                          is
    30                           ;        software without specific prior written permission.
    31                           ; 
    32                           ; THIS SOFTWARE IS PROVIDED BY MICROCHIP "AS IS" AND ANY EXPRESS OR IMPLIED WARRANTIES,
    33                           ; INCLUDING, BUT NOT LIMITED TO, THE IMPLIED WARRANTIES OF MERCHANTABILITY AND FITNESS F
      +                          OR
    34                           ; PURPOSE ARE DISCLAIMED.  IN NO EVENT SHALL MICROCHIP BE LIABLE FOR ANY DIRECT, INDIREC
      +                          T,
    35                           ; INCIDENTAL, SPECIAL, EXEMPLARY, OR CONSEQUENTIAL DAMAGES (INCLUDING BUT NOT LIMITED TO
    36                           ; PROCUREMENT OF SUBSTITUTE GOODS OR SERVICES; LOSS OF USE, DATA OR PROFITS; OR BUSINESS
    37                           ; INTERRUPTION) HOWSOEVER CAUSED AND ON ANY THEORY OF LIABILITY, WHETHER IN CONTRACT, ST
      +                          RICT
    38                           ; LIABILITY, OR TORT (INCLUDING NEGLIGENCE OR OTHERWISE) ARISING IN ANY WAY OUT OF THE U
      +                          SE OF
    39                           ; THIS SOFTWARE, EVEN IF ADVISED OF THE POSSIBILITY OF SUCH DAMAGE.
    40                           ; 
    41                           ; 
    42                           ; Code-generator required, PIC18F452 Definitions
    43                           ; 
    44                           ; SFR Addresses
    45  0000                     
    46                           ; 1 bytes @ 0x0
    47 ;;
    48 ;;Main: autosize = 0, tempsize = 0, incstack = 0, save=0
    49 ;;
    50 ;; *************** function _main *****************
    51 ;; Defined at:
    52 ;;		line 13 in file "Src/main.c"
    53 ;; Parameters:    Size  Location     Type
    54 ;;		None
    55 ;; Auto vars:     Size  Location     Type
    56 ;;		None
    57 ;; Return value:  Size  Location     Type
    58 ;;                  1    wreg      void 
    59 ;; Registers used:
    60 ;;		wreg, status,2
    61 ;; Tracked objects:
    62 ;;		On entry : 0/0
    63 ;;		On exit  : 0/0
    64 ;;		Unchanged: 0/0
    65 ;; Data sizes:     COMRAM   BANK0   BANK1   BANK2   BANK3   BANK4   BANK5
    66 ;;      Params:         0       0       0       0       0       0       0
    67 ;;      Locals:         0       0       0       0       0       0       0
    68 ;;      Temps:          0       0       0       0       0       0       0
    69 ;;      Totals:         0       0       0       0       0       0       0
    70 ;;Total ram usage:        0 bytes
    71 ;; This function calls:
    72 ;;		Nothing
    73 ;; This function is called by:
    74 ;;		Startup code after reset
    75 ;; This function uses a non-reentrant model
    76 ;;
    77                           
    78                           	psect	text0
    79  003FF4                     __ptext0:
    80                           	opt stack 0
    81  003FF4                     _main:
    82                           	opt stack 0
    83  003FF4  FFFF               	dw	65535	; assembler added errata NOP
    84                           
    85                           ;main.c: 17: IO.Bytes[0x00 + 18] = 0;
    86                           
    87                           ;incstack = 0
    88  003FF6  0E00               	movlw	0
    89  003FF8  6E92               	movwf	3986,c	;volatile
    90  003FFA                     l7:
    91  003FFA  FFFF               	dw	65535	; assembler added errata NOP
    92                           
    93                           ;main.c: 19: {
    94  003FFC  D7FE               	goto	l7
    95  003FFE                     __end_of_main:
    96                           	opt stack 0
    97  003FFE  FFFF               	dw	65535	; assembler added errata NOP
    98                           
    99                           ; #config settings
   100                           
   101                           	psect	cinit
   102  003FEE                     __pcinit:
   103                           	opt stack 0
   104  003FEE                     start_initialization:
   105                           	opt stack 0
   106  003FEE                     __initialization:
   107                           	opt stack 0
   108  003FEE                     end_of_initialization:
   109                           	opt stack 0
   110  003FEE                     __end_of__initialization:
   111                           	opt stack 0
   112  003FEE  0100               	movlb	0
   113  003FF0  EFFA  F01F         	goto	_main	;jump to C main() function
   114                           
   115                           	psect	cstackCOMRAM
   116  000000                     __pcstackCOMRAM:
   117                           	opt stack 0
   118  000000                     
   119                           	psect	rparam


Data Sizes:
    Strings     0
    Constant    0
    Data        0
    BSS         0
    Persistent  0
    Stack       0

Auto Spaces:
    Space          Size  Autos    Used
    COMRAM          127      0       0
    BANK0           128      0       0
    BANK1           256      0       0
    BANK2           256      0       0
    BANK3           256      0       0
    BANK4           256      0       0
    BANK5           256      0       0

Pointer List with Targets:

    None.

Critical Paths under _main in COMRAM

    None.

Critical Paths under _main in BANK0

    None.

Critical Paths under _main in BANK1

    None.

Critical Paths under _main in BANK2

    None.

Critical Paths under _main in BANK3

    None.

Critical Paths under _main in BANK4

    None.

Critical Paths under _main in BANK5

    None.

Call Graph Tables:

 ---------------------------------------------------------------------------------
 (Depth) Function   	        Calls       Base Space   Used Autos Params    Refs
 ---------------------------------------------------------------------------------
 (0) _main                                                 0     0      0       0
 ---------------------------------------------------------------------------------
 Estimated maximum stack depth 0
 ---------------------------------------------------------------------------------

 Call Graph Graphs:

 _main (ROOT)

 Address spaces:
Name               Size   Autos  Total    Cost      Usage
BITCOMRAM           7F      0       0       0        0.0%
EEDATA             100      0       0       0        0.0%
NULL                 0      0       0       0        0.0%
CODE                 0      0       0       0        0.0%
COMRAM              7F      0       0       1        0.0%
STACK                0      0       0       2        0.0%
DATA                 0      0       0       3        0.0%
BITBANK0            80      0       0       4        0.0%
BANK0               80      0       0       5        0.0%
BITBANK1           100      0       0       6        0.0%
BANK1              100      0       0       7        0.0%
BITBANK2           100      0       0       8        0.0%
BANK2              100      0       0       9        0.0%
BITBANK3           100      0       0      10        0.0%
BANK3              100      0       0      11        0.0%
BITBANK4           100      0       0      12        0.0%
BANK4              100      0       0      13        0.0%
BANK5              100      0       0      14        0.0%
ABS                  0      0       0      15        0.0%
BITBANK5           100      0       0      16        0.0%
BIGRAM             5FF      0       0      17        0.0%
BITSFR               0      0       0     200        0.0%
SFR                  0      0       0     200        0.0%


Microchip Technology PIC18 Macro Assembler V1.45 build -152302408 
Symbol Table                                                                                   Tue Jan 24 16:19:53 2023

                                                           l7 3FFA  
                                                          _IO 000F80  
                                                        _main 3FF4  
                                                        start 0002  
                                                ___param_bank 000000  
                                                       ?_main 0000  
                                             __initialization 3FEE  
                                                __end_of_main 3FFE  
                                                      ??_main 0000  
                                               __activetblptr 000000  
                                                  __accesstop 0080  
                                     __end_of__initialization 3FEE  
                                               ___rparam_used 000001  
                                              __pcstackCOMRAM 0000  
                                                     __Hparam 0000  
                                                     __Lparam 0000  
                                                     __pcinit 3FEE  
                                                     __ramtop 0600  
                                                     __ptext0 3FF4  
                                        end_of_initialization 3FEE  
                                         start_initialization 3FEE  
                                                    __Hrparam 0000  
                                                    __Lrparam 0000  
                                               __size_of_main 000A  
